# JRE version: OpenJDK Runtime Environment (8.0_212-b04) (build 1.8.0_212-release-1586-b04)
# Java VM: OpenJDK 64-Bit Server VM (25.212-b04 mixed mode windows-amd64 compressed oops)
Heap:
 PSYoungGen      total 272384K, used 215438K [0x00000000e0000000, 0x00000000f4480000, 0x0000000100000000)
  eden space 248320K, 77% used [0x00000000e0000000,0x00000000ebb43a60,0x00000000ef280000)
  from space 24064K, 98% used [0x00000000efb80000,0x00000000f12a0168,0x00000000f1300000)
  to   space 41984K, 0% used [0x00000000f1b80000,0x00000000f1b80000,0x00000000f4480000)
 ParOldGen       total 143360K, used 103491K [0x00000000a0000000, 0x00000000a8c00000, 0x00000000e0000000)
  object space 143360K, 72% used [0x00000000a0000000,0x00000000a6510c88,0x00000000a8c00000)
 Metaspace       used 89727K, capacity 93966K, committed 94208K, reserved 1130496K
  class space    used 11637K, capacity 12465K, committed 12544K, reserved 1048576K
GC Heap History (10 events):
Event: 66.486 GC heap before
{Heap before GC invocations=20 (full 3):
 PSYoungGen      total 241152K, used 241143K [0x00000000e0000000, 0x00000000f2d80000, 0x0000000100000000)
  eden space 208896K, 100% used [0x00000000e0000000,0x00000000ecc00000,0x00000000ecc00000)
  from space 32256K, 99% used [0x00000000ef700000,0x00000000f167dda0,0x00000000f1680000)
  to   space 44032K, 0% used [0x00000000ecc00000,0x00000000ecc00000,0x00000000ef700000)
 ParOldGen       total 143360K, used 75324K [0x00000000a0000000, 0x00000000a8c00000, 0x00000000e0000000)
  object space 143360K, 52% used [0x00000000a0000000,0x00000000a498f2c8,0x00000000a8c00000)
 Metaspace       used 83523K, capacity 87022K, committed 87168K, reserved 1124352K
  class space    used 11167K, capacity 11887K, committed 11904K, reserved 1048576K
Event: 66.799 GC heap after
Heap after GC invocations=20 (full 3):
 PSYoungGen      total 252928K, used 8499K [0x00000000e0000000, 0x00000000f4000000, 0x0000000100000000)
  eden space 208896K, 0% used [0x00000000e0000000,0x00000000e0000000,0x00000000ecc00000)
  from space 44032K, 19% used [0x00000000ecc00000,0x00000000ed44cf58,0x00000000ef700000)
  to   space 43008K, 0% used [0x00000000f1600000,0x00000000f1600000,0x00000000f4000000)
 ParOldGen       total 143360K, used 103459K [0x00000000a0000000, 0x00000000a8c00000, 0x00000000e0000000)
  object space 143360K, 72% used [0x00000000a0000000,0x00000000a6508c88,0x00000000a8c00000)
 Metaspace       used 83523K, capacity 87022K, committed 87168K, reserved 1124352K
  class space    used 11167K, capacity 11887K, committed 11904K, reserved 1048576K
}
Event: 127.901 GC heap before
{Heap before GC invocations=21 (full 3):
 PSYoungGen      total 252928K, used 217395K [0x00000000e0000000, 0x00000000f4000000, 0x0000000100000000)
  eden space 208896K, 100% used [0x00000000e0000000,0x00000000ecc00000,0x00000000ecc00000)
  from space 44032K, 19% used [0x00000000ecc00000,0x00000000ed44cf58,0x00000000ef700000)
  to   space 43008K, 0% used [0x00000000f1600000,0x00000000f1600000,0x00000000f4000000)
 ParOldGen       total 143360K, used 103459K [0x00000000a0000000, 0x00000000a8c00000, 0x00000000e0000000)
  object space 143360K, 72% used [0x00000000a0000000,0x00000000a6508c88,0x00000000a8c00000)
 Metaspace       used 88100K, capacity 91970K, committed 92288K, reserved 1128448K
  class space    used 11569K, capacity 12349K, committed 12416K, reserved 1048576K
Event: 127.944 GC heap after
Heap after GC invocations=21 (full 3):
 PSYoungGen      total 269312K, used 16829K [0x00000000e0000000, 0x00000000f3600000, 0x0000000100000000)
  eden space 236544K, 0% used [0x00000000e0000000,0x00000000e0000000,0x00000000ee700000)
  from space 32768K, 51% used [0x00000000f1600000,0x00000000f266f438,0x00000000f3600000)
  to   space 40448K, 0% used [0x00000000ee700000,0x00000000ee700000,0x00000000f0e80000)
 ParOldGen       total 143360K, used 103467K [0x00000000a0000000, 0x00000000a8c00000, 0x00000000e0000000)
  object space 143360K, 72% used [0x00000000a0000000,0x00000000a650ac88,0x00000000a8c00000)
 Metaspace       used 88100K, capacity 91970K, committed 92288K, reserved 1128448K
  class space    used 11569K, capacity 12349K, committed 12416K, reserved 1048576K
}
Event: 273.210 GC heap before
{Heap before GC invocations=22 (full 3):
 PSYoungGen      total 269312K, used 253373K [0x00000000e0000000, 0x00000000f3600000, 0x0000000100000000)
  eden space 236544K, 100% used [0x00000000e0000000,0x00000000ee700000,0x00000000ee700000)
  from space 32768K, 51% used [0x00000000f1600000,0x00000000f266f438,0x00000000f3600000)
  to   space 40448K, 0% used [0x00000000ee700000,0x00000000ee700000,0x00000000f0e80000)
 ParOldGen       total 143360K, used 103467K [0x00000000a0000000, 0x00000000a8c00000, 0x00000000e0000000)
  object space 143360K, 72% used [0x00000000a0000000,0x00000000a650ac88,0x00000000a8c00000)
 Metaspace       used 88587K, capacity 92454K, committed 92544K, reserved 1130496K
  class space    used 11587K, capacity 12377K, committed 12416K, reserved 1048576K
Event: 273.352 GC heap after
Heap after GC invocations=22 (full 3):
 PSYoungGen      total 276992K, used 31241K [0x00000000e0000000, 0x00000000f5500000, 0x0000000100000000)
  eden space 236544K, 0% used [0x00000000e0000000,0x00000000e0000000,0x00000000ee700000)
  from space 40448K, 77% used [0x00000000ee700000,0x00000000f0582750,0x00000000f0e80000)
  to   space 43520K, 0% used [0x00000000f2a80000,0x00000000f2a80000,0x00000000f5500000)
 ParOldGen       total 143360K, used 103475K [0x00000000a0000000, 0x00000000a8c00000, 0x00000000e0000000)
  object space 143360K, 72% used [0x00000000a0000000,0x00000000a650cc88,0x00000000a8c00000)
 Metaspace       used 88587K, capacity 92454K, committed 92544K, reserved 1130496K
  class space    used 11587K, capacity 12377K, committed 12416K, reserved 1048576K
}
Event: 765.096 GC heap before
{Heap before GC invocations=23 (full 3):
 PSYoungGen      total 276992K, used 267785K [0x00000000e0000000, 0x00000000f5500000, 0x0000000100000000)
  eden space 236544K, 100% used [0x00000000e0000000,0x00000000ee700000,0x00000000ee700000)
  from space 40448K, 77% used [0x00000000ee700000,0x00000000f0582750,0x00000000f0e80000)
  to   space 43520K, 0% used [0x00000000f2a80000,0x00000000f2a80000,0x00000000f5500000)
 ParOldGen       total 143360K, used 103475K [0x00000000a0000000, 0x00000000a8c00000, 0x00000000e0000000)
  object space 143360K, 72% used [0x00000000a0000000,0x00000000a650cc88,0x00000000a8c00000)
 Metaspace       used 89262K, capacity 93432K, committed 93696K, reserved 1130496K
  class space    used 11629K, capacity 12452K, committed 12544K, reserved 1048576K
Event: 765.151 GC heap after
Heap after GC invocations=23 (full 3):
 PSYoungGen      total 294400K, used 21706K [0x00000000e0000000, 0x00000000f4e80000, 0x0000000100000000)
  eden space 257536K, 0% used [0x00000000e0000000,0x00000000e0000000,0x00000000efb80000)
  from space 36864K, 58% used [0x00000000f2a80000,0x00000000f3fb2970,0x00000000f4e80000)
  to   space 42496K, 0% used [0x00000000efb80000,0x00000000efb80000,0x00000000f2500000)
 ParOldGen       total 143360K, used 103483K [0x00000000a0000000, 0x00000000a8c00000, 0x00000000e0000000)
  object space 143360K, 72% used [0x00000000a0000000,0x00000000a650ec88,0x00000000a8c00000)
 Metaspace       used 89262K, capacity 93432K, committed 93696K, reserved 1130496K
  class space    used 11629K, capacity 12452K, committed 12544K, reserved 1048576K
}
Event: 998.093 GC heap before
{Heap before GC invocations=24 (full 3):
 PSYoungGen      total 294400K, used 279242K [0x00000000e0000000, 0x00000000f4e80000, 0x0000000100000000)
  eden space 257536K, 100% used [0x00000000e0000000,0x00000000efb80000,0x00000000efb80000)
  from space 36864K, 58% used [0x00000000f2a80000,0x00000000f3fb2970,0x00000000f4e80000)
  to   space 42496K, 0% used [0x00000000efb80000,0x00000000efb80000,0x00000000f2500000)
 ParOldGen       total 143360K, used 103483K [0x00000000a0000000, 0x00000000a8c00000, 0x00000000e0000000)
  object space 143360K, 72% used [0x00000000a0000000,0x00000000a650ec88,0x00000000a8c00000)
 Metaspace       used 89634K, capacity 93834K, committed 93952K, reserved 1130496K
  class space    used 11637K, capacity 12465K, committed 12544K, reserved 1048576K
Event: 998.361 GC heap after
Heap after GC invocations=24 (full 3):
 PSYoungGen      total 272384K, used 23680K [0x00000000e0000000, 0x00000000f4480000, 0x0000000100000000)
  eden space 248320K, 0% used [0x00000000e0000000,0x00000000e0000000,0x00000000ef280000)
  from space 24064K, 98% used [0x00000000efb80000,0x00000000f12a0168,0x00000000f1300000)
  to   space 41984K, 0% used [0x00000000f1b80000,0x00000000f1b80000,0x00000000f4480000)
 ParOldGen       total 143360K, used 103491K [0x00000000a0000000, 0x00000000a8c00000, 0x00000000e0000000)
  object space 143360K, 72% used [0x00000000a0000000,0x00000000a6510c88,0x00000000a8c00000)
 Metaspace       used 89634K, capacity 93834K, committed 93952K, reserved 1130496K
  class space    used 11637K, capacity 12465K, committed 12544K, reserved 1048576K
}

