# JRE version: OpenJDK Runtime Environment (8.0_212-b04) (build 1.8.0_212-release-1586-b04)
# Java VM: OpenJDK 64-Bit Server VM (25.212-b04 mixed mode windows-amd64 compressed oops)
Heap:
 PSYoungGen      total 361472K, used 90327K [0x00000000e0000000, 0x00000000fbd00000, 0x0000000100000000)
  eden space 276480K, 23% used [0x00000000e0000000,0x00000000e3eefa60,0x00000000f0e00000)
  from space 84992K, 30% used [0x00000000f0e00000,0x00000000f2746298,0x00000000f6100000)
  to   space 81920K, 0% used [0x00000000f6d00000,0x00000000f6d00000,0x00000000fbd00000)
 ParOldGen       total 555520K, used 308516K [0x00000000a0000000, 0x00000000c1e80000, 0x00000000e0000000)
  object space 555520K, 55% used [0x00000000a0000000,0x00000000b2d491d8,0x00000000c1e80000)
 Metaspace       used 89134K, capacity 92910K, committed 93016K, reserved 1130496K
  class space    used 11581K, capacity 12345K, committed 12376K, reserved 1048576K
GC Heap History (10 events):
Event: 128.361 GC heap before
{Heap before GC invocations=26 (full 5):
 PSYoungGen      total 318976K, used 51409K [0x00000000e0000000, 0x00000000fcb80000, 0x0000000100000000)
  eden space 224768K, 0% used [0x00000000e0000000,0x00000000e0000000,0x00000000edb80000)
  from space 94208K, 54% used [0x00000000edb80000,0x00000000f0db4638,0x00000000f3780000)
  to   space 94208K, 0% used [0x00000000f6f80000,0x00000000f6f80000,0x00000000fcb80000)
 ParOldGen       total 329728K, used 303259K [0x00000000a0000000, 0x00000000b4200000, 0x00000000e0000000)
  object space 329728K, 91% used [0x00000000a0000000,0x00000000b2826df0,0x00000000b4200000)
 Metaspace       used 79119K, capacity 82204K, committed 83160K, reserved 1122304K
  class space    used 10320K, capacity 10966K, committed 11224K, reserved 1048576K
Event: 130.971 GC heap after
Heap after GC invocations=26 (full 5):
 PSYoungGen      total 318976K, used 0K [0x00000000e0000000, 0x00000000fcb80000, 0x0000000100000000)
  eden space 224768K, 0% used [0x00000000e0000000,0x00000000e0000000,0x00000000edb80000)
  from space 94208K, 0% used [0x00000000edb80000,0x00000000edb80000,0x00000000f3780000)
  to   space 94208K, 0% used [0x00000000f6f80000,0x00000000f6f80000,0x00000000fcb80000)
 ParOldGen       total 555520K, used 308500K [0x00000000a0000000, 0x00000000c1e80000, 0x00000000e0000000)
  object space 555520K, 55% used [0x00000000a0000000,0x00000000b2d451d8,0x00000000c1e80000)
 Metaspace       used 79119K, capacity 82204K, committed 83160K, reserved 1122304K
  class space    used 10320K, capacity 10966K, committed 11224K, reserved 1048576K
}
Event: 131.407 GC heap before
{Heap before GC invocations=27 (full 5):
 PSYoungGen      total 318976K, used 224768K [0x00000000e0000000, 0x00000000fcb80000, 0x0000000100000000)
  eden space 224768K, 100% used [0x00000000e0000000,0x00000000edb80000,0x00000000edb80000)
  from space 94208K, 0% used [0x00000000edb80000,0x00000000edb80000,0x00000000f3780000)
  to   space 94208K, 0% used [0x00000000f6f80000,0x00000000f6f80000,0x00000000fcb80000)
 ParOldGen       total 555520K, used 308500K [0x00000000a0000000, 0x00000000c1e80000, 0x00000000e0000000)
  object space 555520K, 55% used [0x00000000a0000000,0x00000000b2d451d8,0x00000000c1e80000)
 Metaspace       used 79164K, capacity 82268K, committed 83160K, reserved 1122304K
  class space    used 10320K, capacity 10966K, committed 11224K, reserved 1048576K
Event: 131.429 GC heap after
Heap after GC invocations=27 (full 5):
 PSYoungGen      total 312832K, used 22428K [0x00000000e0000000, 0x00000000fa980000, 0x0000000100000000)
  eden space 253440K, 0% used [0x00000000e0000000,0x00000000e0000000,0x00000000ef780000)
  from space 59392K, 37% used [0x00000000f6f80000,0x00000000f8567130,0x00000000fa980000)
  to   space 91136K, 0% used [0x00000000ef780000,0x00000000ef780000,0x00000000f5080000)
 ParOldGen       total 555520K, used 308500K [0x00000000a0000000, 0x00000000c1e80000, 0x00000000e0000000)
  object space 555520K, 55% used [0x00000000a0000000,0x00000000b2d451d8,0x00000000c1e80000)
 Metaspace       used 79164K, capacity 82268K, committed 83160K, reserved 1122304K
  class space    used 10320K, capacity 10966K, committed 11224K, reserved 1048576K
}
Event: 401.686 GC heap before
{Heap before GC invocations=28 (full 5):
 PSYoungGen      total 312832K, used 275868K [0x00000000e0000000, 0x00000000fa980000, 0x0000000100000000)
  eden space 253440K, 100% used [0x00000000e0000000,0x00000000ef780000,0x00000000ef780000)
  from space 59392K, 37% used [0x00000000f6f80000,0x00000000f8567130,0x00000000fa980000)
  to   space 91136K, 0% used [0x00000000ef780000,0x00000000ef780000,0x00000000f5080000)
 ParOldGen       total 555520K, used 308500K [0x00000000a0000000, 0x00000000c1e80000, 0x00000000e0000000)
  object space 555520K, 55% used [0x00000000a0000000,0x00000000b2d451d8,0x00000000c1e80000)
 Metaspace       used 82568K, capacity 85972K, committed 86104K, reserved 1124352K
  class space    used 10842K, capacity 11536K, committed 11608K, reserved 1048576K
Event: 401.734 GC heap after
Heap after GC invocations=28 (full 5):
 PSYoungGen      total 344576K, used 40035K [0x00000000e0000000, 0x00000000fbb00000, 0x0000000100000000)
  eden space 253440K, 0% used [0x00000000e0000000,0x00000000e0000000,0x00000000ef780000)
  from space 91136K, 43% used [0x00000000ef780000,0x00000000f1e98fa0,0x00000000f5080000)
  to   space 87040K, 0% used [0x00000000f6600000,0x00000000f6600000,0x00000000fbb00000)
 ParOldGen       total 555520K, used 308508K [0x00000000a0000000, 0x00000000c1e80000, 0x00000000e0000000)
  object space 555520K, 55% used [0x00000000a0000000,0x00000000b2d471d8,0x00000000c1e80000)
 Metaspace       used 82568K, capacity 85972K, committed 86104K, reserved 1124352K
  class space    used 10842K, capacity 11536K, committed 11608K, reserved 1048576K
}
Event: 407.359 GC heap before
{Heap before GC invocations=29 (full 5):
 PSYoungGen      total 344576K, used 293475K [0x00000000e0000000, 0x00000000fbb00000, 0x0000000100000000)
  eden space 253440K, 100% used [0x00000000e0000000,0x00000000ef780000,0x00000000ef780000)
  from space 91136K, 43% used [0x00000000ef780000,0x00000000f1e98fa0,0x00000000f5080000)
  to   space 87040K, 0% used [0x00000000f6600000,0x00000000f6600000,0x00000000fbb00000)
 ParOldGen       total 555520K, used 308508K [0x00000000a0000000, 0x00000000c1e80000, 0x00000000e0000000)
  object space 555520K, 55% used [0x00000000a0000000,0x00000000b2d471d8,0x00000000c1e80000)
 Metaspace       used 88512K, capacity 92056K, committed 92248K, reserved 1128448K
  class space    used 11537K, capacity 12268K, committed 12376K, reserved 1048576K
Event: 407.432 GC heap after
Heap after GC invocations=29 (full 5):
 PSYoungGen      total 356352K, used 43318K [0x00000000e0000000, 0x00000000fb400000, 0x0000000100000000)
  eden space 276480K, 0% used [0x00000000e0000000,0x00000000e0000000,0x00000000f0e00000)
  from space 79872K, 54% used [0x00000000f6600000,0x00000000f904dbf8,0x00000000fb400000)
  to   space 84992K, 0% used [0x00000000f0e00000,0x00000000f0e00000,0x00000000f6100000)
 ParOldGen       total 555520K, used 308508K [0x00000000a0000000, 0x00000000c1e80000, 0x00000000e0000000)
  object space 555520K, 55% used [0x00000000a0000000,0x00000000b2d471d8,0x00000000c1e80000)
 Metaspace       used 88512K, capacity 92056K, committed 92248K, reserved 1128448K
  class space    used 11537K, capacity 12268K, committed 12376K, reserved 1048576K
}
Event: 1122.869 GC heap before
{Heap before GC invocations=30 (full 5):
 PSYoungGen      total 356352K, used 319798K [0x00000000e0000000, 0x00000000fb400000, 0x0000000100000000)
  eden space 276480K, 100% used [0x00000000e0000000,0x00000000f0e00000,0x00000000f0e00000)
  from space 79872K, 54% used [0x00000000f6600000,0x00000000f904dbf8,0x00000000fb400000)
  to   space 84992K, 0% used [0x00000000f0e00000,0x00000000f0e00000,0x00000000f6100000)
 ParOldGen       total 555520K, used 308508K [0x00000000a0000000, 0x00000000c1e80000, 0x00000000e0000000)
  object space 555520K, 55% used [0x00000000a0000000,0x00000000b2d471d8,0x00000000c1e80000)
 Metaspace       used 89130K, capacity 92910K, committed 93016K, reserved 1130496K
  class space    used 11581K, capacity 12345K, committed 12376K, reserved 1048576K
Event: 1122.930 GC heap after
Heap after GC invocations=30 (full 5):
 PSYoungGen      total 361472K, used 25880K [0x00000000e0000000, 0x00000000fbd00000, 0x0000000100000000)
  eden space 276480K, 0% used [0x00000000e0000000,0x00000000e0000000,0x00000000f0e00000)
  from space 84992K, 30% used [0x00000000f0e00000,0x00000000f2746298,0x00000000f6100000)
  to   space 81920K, 0% used [0x00000000f6d00000,0x00000000f6d00000,0x00000000fbd00000)
 ParOldGen       total 555520K, used 308516K [0x00000000a0000000, 0x00000000c1e80000, 0x00000000e0000000)
  object space 555520K, 55% used [0x00000000a0000000,0x00000000b2d491d8,0x00000000c1e80000)
 Metaspace       used 89130K, capacity 92910K, committed 93016K, reserved 1130496K
  class space    used 11581K, capacity 12345K, committed 12376K, reserved 1048576K
}

