# JRE version: OpenJDK Runtime Environment (8.0_212-b04) (build 1.8.0_212-release-1586-b04)
# Java VM: OpenJDK 64-Bit Server VM (25.212-b04 mixed mode windows-amd64 compressed oops)
Heap:
 PSYoungGen      total 270848K, used 112079K [0x00000000e0000000, 0x00000000f4c00000, 0x0000000100000000)
  eden space 230400K, 39% used [0x00000000e0000000,0x00000000e58ea090,0x00000000ee100000)
  from space 40448K, 51% used [0x00000000ee100000,0x00000000ef589dc8,0x00000000f0880000)
  to   space 39424K, 0% used [0x00000000f2580000,0x00000000f2580000,0x00000000f4c00000)
 ParOldGen       total 151040K, used 96217K [0x00000000a0000000, 0x00000000a9380000, 0x00000000e0000000)
  object space 151040K, 63% used [0x00000000a0000000,0x00000000a5df6738,0x00000000a9380000)
 Metaspace       used 90278K, capacity 94388K, committed 94464K, reserved 1130496K
  class space    used 11677K, capacity 12514K, committed 12544K, reserved 1048576K
GC Heap History (10 events):
Event: 983.542 GC heap before
{Heap before GC invocations=22 (full 3):
 PSYoungGen      total 244736K, used 220755K [0x00000000e0000000, 0x00000000f1a00000, 0x0000000100000000)
  eden space 210944K, 100% used [0x00000000e0000000,0x00000000ece00000,0x00000000ece00000)
  from space 33792K, 29% used [0x00000000ef900000,0x00000000f0294c48,0x00000000f1a00000)
  to   space 38912K, 0% used [0x00000000ece00000,0x00000000ece00000,0x00000000ef400000)
 ParOldGen       total 151040K, used 93712K [0x00000000a0000000, 0x00000000a9380000, 0x00000000e0000000)
  object space 151040K, 62% used [0x00000000a0000000,0x00000000a5b84098,0x00000000a9380000)
 Metaspace       used 85182K, capacity 88892K, committed 89216K, reserved 1126400K
  class space    used 11262K, capacity 12034K, committed 12160K, reserved 1048576K
Event: 983.755 GC heap after
Heap after GC invocations=22 (full 3):
 PSYoungGen      total 217088K, used 12385K [0x00000000e0000000, 0x00000000f1080000, 0x0000000100000000)
  eden space 204288K, 0% used [0x00000000e0000000,0x00000000e0000000,0x00000000ec780000)
  from space 12800K, 96% used [0x00000000ece00000,0x00000000eda18788,0x00000000eda80000)
  to   space 37376K, 0% used [0x00000000eec00000,0x00000000eec00000,0x00000000f1080000)
 ParOldGen       total 151040K, used 93720K [0x00000000a0000000, 0x00000000a9380000, 0x00000000e0000000)
  object space 151040K, 62% used [0x00000000a0000000,0x00000000a5b86098,0x00000000a9380000)
 Metaspace       used 85182K, capacity 88892K, committed 89216K, reserved 1126400K
  class space    used 11262K, capacity 12034K, committed 12160K, reserved 1048576K
}
Event: 995.976 GC heap before
{Heap before GC invocations=23 (full 3):
 PSYoungGen      total 217088K, used 216673K [0x00000000e0000000, 0x00000000f1080000, 0x0000000100000000)
  eden space 204288K, 100% used [0x00000000e0000000,0x00000000ec780000,0x00000000ec780000)
  from space 12800K, 96% used [0x00000000ece00000,0x00000000eda18788,0x00000000eda80000)
  to   space 37376K, 0% used [0x00000000eec00000,0x00000000eec00000,0x00000000f1080000)
 ParOldGen       total 151040K, used 93720K [0x00000000a0000000, 0x00000000a9380000, 0x00000000e0000000)
  object space 151040K, 62% used [0x00000000a0000000,0x00000000a5b86098,0x00000000a9380000)
 Metaspace       used 87043K, capacity 90974K, committed 91136K, reserved 1128448K
  class space    used 11465K, capacity 12249K, committed 12288K, reserved 1048576K
Event: 996.092 GC heap after
Heap after GC invocations=23 (full 3):
 PSYoungGen      total 243200K, used 12748K [0x00000000e0000000, 0x00000000f1e00000, 0x0000000100000000)
  eden space 205824K, 0% used [0x00000000e0000000,0x00000000e0000000,0x00000000ec900000)
  from space 37376K, 34% used [0x00000000eec00000,0x00000000ef873110,0x00000000f1080000)
  to   space 35840K, 0% used [0x00000000ec900000,0x00000000ec900000,0x00000000eec00000)
 ParOldGen       total 151040K, used 93728K [0x00000000a0000000, 0x00000000a9380000, 0x00000000e0000000)
  object space 151040K, 62% used [0x00000000a0000000,0x00000000a5b88098,0x00000000a9380000)
 Metaspace       used 87043K, capacity 90974K, committed 91136K, reserved 1128448K
  class space    used 11465K, capacity 12249K, committed 12288K, reserved 1048576K
}
Event: 999.652 GC heap before
{Heap before GC invocations=24 (full 3):
 PSYoungGen      total 243200K, used 218572K [0x00000000e0000000, 0x00000000f1e00000, 0x0000000100000000)
  eden space 205824K, 100% used [0x00000000e0000000,0x00000000ec900000,0x00000000ec900000)
  from space 37376K, 34% used [0x00000000eec00000,0x00000000ef873110,0x00000000f1080000)
  to   space 35840K, 0% used [0x00000000ec900000,0x00000000ec900000,0x00000000eec00000)
 ParOldGen       total 151040K, used 93728K [0x00000000a0000000, 0x00000000a9380000, 0x00000000e0000000)
  object space 151040K, 62% used [0x00000000a0000000,0x00000000a5b88098,0x00000000a9380000)
 Metaspace       used 88132K, capacity 92130K, committed 92288K, reserved 1128448K
  class space    used 11545K, capacity 12313K, committed 12416K, reserved 1048576K
Event: 999.824 GC heap after
Heap after GC invocations=24 (full 3):
 PSYoungGen      total 241664K, used 35837K [0x00000000e0000000, 0x00000000f3780000, 0x0000000100000000)
  eden space 205824K, 0% used [0x00000000e0000000,0x00000000e0000000,0x00000000ec900000)
  from space 35840K, 99% used [0x00000000ec900000,0x00000000eebff480,0x00000000eec00000)
  to   space 41984K, 0% used [0x00000000f0e80000,0x00000000f0e80000,0x00000000f3780000)
 ParOldGen       total 151040K, used 95937K [0x00000000a0000000, 0x00000000a9380000, 0x00000000e0000000)
  object space 151040K, 63% used [0x00000000a0000000,0x00000000a5db0718,0x00000000a9380000)
 Metaspace       used 88132K, capacity 92130K, committed 92288K, reserved 1128448K
  class space    used 11545K, capacity 12313K, committed 12416K, reserved 1048576K
}
Event: 1322.045 GC heap before
{Heap before GC invocations=25 (full 3):
 PSYoungGen      total 241664K, used 241661K [0x00000000e0000000, 0x00000000f3780000, 0x0000000100000000)
  eden space 205824K, 100% used [0x00000000e0000000,0x00000000ec900000,0x00000000ec900000)
  from space 35840K, 99% used [0x00000000ec900000,0x00000000eebff480,0x00000000eec00000)
  to   space 41984K, 0% used [0x00000000f0e80000,0x00000000f0e80000,0x00000000f3780000)
 ParOldGen       total 151040K, used 95937K [0x00000000a0000000, 0x00000000a9380000, 0x00000000e0000000)
  object space 151040K, 63% used [0x00000000a0000000,0x00000000a5db0718,0x00000000a9380000)
 Metaspace       used 89933K, capacity 93954K, committed 94208K, reserved 1130496K
  class space    used 11664K, capacity 12489K, committed 12544K, reserved 1048576K
Event: 1322.201 GC heap after
Heap after GC invocations=25 (full 3):
 PSYoungGen      total 264704K, used 12464K [0x00000000e0000000, 0x00000000f3000000, 0x0000000100000000)
  eden space 230400K, 0% used [0x00000000e0000000,0x00000000e0000000,0x00000000ee100000)
  from space 34304K, 36% used [0x00000000f0e80000,0x00000000f1aac340,0x00000000f3000000)
  to   space 40448K, 0% used [0x00000000ee100000,0x00000000ee100000,0x00000000f0880000)
 ParOldGen       total 151040K, used 96209K [0x00000000a0000000, 0x00000000a9380000, 0x00000000e0000000)
  object space 151040K, 63% used [0x00000000a0000000,0x00000000a5df4738,0x00000000a9380000)
 Metaspace       used 89933K, capacity 93954K, committed 94208K, reserved 1130496K
  class space    used 11664K, capacity 12489K, committed 12544K, reserved 1048576K
}
Event: 1326.946 GC heap before
{Heap before GC invocations=26 (full 3):
 PSYoungGen      total 264704K, used 242864K [0x00000000e0000000, 0x00000000f3000000, 0x0000000100000000)
  eden space 230400K, 100% used [0x00000000e0000000,0x00000000ee100000,0x00000000ee100000)
  from space 34304K, 36% used [0x00000000f0e80000,0x00000000f1aac340,0x00000000f3000000)
  to   space 40448K, 0% used [0x00000000ee100000,0x00000000ee100000,0x00000000f0880000)
 ParOldGen       total 151040K, used 96209K [0x00000000a0000000, 0x00000000a9380000, 0x00000000e0000000)
  object space 151040K, 63% used [0x00000000a0000000,0x00000000a5df4738,0x00000000a9380000)
 Metaspace       used 90101K, capacity 94154K, committed 94464K, reserved 1130496K
  class space    used 11664K, capacity 12489K, committed 12544K, reserved 1048576K
Event: 1327.063 GC heap after
Heap after GC invocations=26 (full 3):
 PSYoungGen      total 270848K, used 21031K [0x00000000e0000000, 0x00000000f4c00000, 0x0000000100000000)
  eden space 230400K, 0% used [0x00000000e0000000,0x00000000e0000000,0x00000000ee100000)
  from space 40448K, 51% used [0x00000000ee100000,0x00000000ef589dc8,0x00000000f0880000)
  to   space 39424K, 0% used [0x00000000f2580000,0x00000000f2580000,0x00000000f4c00000)
 ParOldGen       total 151040K, used 96217K [0x00000000a0000000, 0x00000000a9380000, 0x00000000e0000000)
  object space 151040K, 63% used [0x00000000a0000000,0x00000000a5df6738,0x00000000a9380000)
 Metaspace       used 90101K, capacity 94154K, committed 94464K, reserved 1130496K
  class space    used 11664K, capacity 12489K, committed 12544K, reserved 1048576K
}

