# JRE version: OpenJDK Runtime Environment (8.0_212-b04) (build 1.8.0_212-release-1586-b04)
# Java VM: OpenJDK 64-Bit Server VM (25.212-b04 mixed mode windows-amd64 compressed oops)
Heap:
 PSYoungGen      total 379904K, used 253254K [0x00000000e0000000, 0x0000000100000000, 0x0000000100000000)
  eden space 267264K, 57% used [0x00000000e0000000,0x00000000e96ffe48,0x00000000f0500000)
  from space 112640K, 87% used [0x00000000f9200000,0x00000000ff251b68,0x0000000100000000)
  to   space 128512K, 0% used [0x00000000f0500000,0x00000000f0500000,0x00000000f8280000)
 ParOldGen       total 460800K, used 251206K [0x00000000a0000000, 0x00000000bc200000, 0x00000000e0000000)
  object space 460800K, 54% used [0x00000000a0000000,0x00000000af5518b8,0x00000000bc200000)
 Metaspace       used 92485K, capacity 96372K, committed 96640K, reserved 1132544K
  class space    used 11879K, capacity 12610K, committed 12672K, reserved 1048576K
GC Heap History (10 events):
Event: 183.201 GC heap before
{Heap before GC invocations=50 (full 5):
 PSYoungGen      total 474624K, used 452276K [0x00000000e0000000, 0x00000000ffd00000, 0x0000000100000000)
  eden space 432640K, 100% used [0x00000000e0000000,0x00000000fa680000,0x00000000fa680000)
  from space 41984K, 46% used [0x00000000fcf80000,0x00000000fe2ad3e8,0x00000000ff880000)
  to   space 41984K, 0% used [0x00000000fa680000,0x00000000fa680000,0x00000000fcf80000)
 ParOldGen       total 274944K, used 157825K [0x00000000a0000000, 0x00000000b0c80000, 0x00000000e0000000)
  object space 274944K, 57% used [0x00000000a0000000,0x00000000a9a20488,0x00000000b0c80000)
 Metaspace       used 89501K, capacity 93110K, committed 93440K, reserved 1130496K
  class space    used 11409K, capacity 12133K, committed 12288K, reserved 1048576K
Event: 183.249 GC heap after
Heap after GC invocations=50 (full 5):
 PSYoungGen      total 474624K, used 18223K [0x00000000e0000000, 0x00000000ffe00000, 0x0000000100000000)
  eden space 432640K, 0% used [0x00000000e0000000,0x00000000e0000000,0x00000000fa680000)
  from space 41984K, 43% used [0x00000000fa680000,0x00000000fb84bf40,0x00000000fcf80000)
  to   space 40960K, 0% used [0x00000000fd600000,0x00000000fd600000,0x00000000ffe00000)
 ParOldGen       total 274944K, used 157833K [0x00000000a0000000, 0x00000000b0c80000, 0x00000000e0000000)
  object space 274944K, 57% used [0x00000000a0000000,0x00000000a9a22488,0x00000000b0c80000)
 Metaspace       used 89501K, capacity 93110K, committed 93440K, reserved 1130496K
  class space    used 11409K, capacity 12133K, committed 12288K, reserved 1048576K
}
Event: 186.588 GC heap before
{Heap before GC invocations=51 (full 5):
 PSYoungGen      total 474624K, used 450863K [0x00000000e0000000, 0x00000000ffe00000, 0x0000000100000000)
  eden space 432640K, 100% used [0x00000000e0000000,0x00000000fa680000,0x00000000fa680000)
  from space 41984K, 43% used [0x00000000fa680000,0x00000000fb84bf40,0x00000000fcf80000)
  to   space 40960K, 0% used [0x00000000fd600000,0x00000000fd600000,0x00000000ffe00000)
 ParOldGen       total 274944K, used 157833K [0x00000000a0000000, 0x00000000b0c80000, 0x00000000e0000000)
  object space 274944K, 57% used [0x00000000a0000000,0x00000000a9a22488,0x00000000b0c80000)
 Metaspace       used 89624K, capacity 93266K, committed 93696K, reserved 1130496K
  class space    used 11410K, capacity 12133K, committed 12288K, reserved 1048576K
Event: 187.051 GC heap after
Heap after GC invocations=51 (full 5):
 PSYoungGen      total 355328K, used 40943K [0x00000000e0000000, 0x0000000100000000, 0x0000000100000000)
  eden space 314368K, 0% used [0x00000000e0000000,0x00000000e0000000,0x00000000f3300000)
  from space 40960K, 99% used [0x00000000fd600000,0x00000000ffdfbf88,0x00000000ffe00000)
  to   space 104960K, 0% used [0x00000000f3300000,0x00000000f3300000,0x00000000f9980000)
 ParOldGen       total 311296K, used 310884K [0x00000000a0000000, 0x00000000b3000000, 0x00000000e0000000)
  object space 311296K, 99% used [0x00000000a0000000,0x00000000b2f99058,0x00000000b3000000)
 Metaspace       used 89624K, capacity 93266K, committed 93696K, reserved 1130496K
  class space    used 11410K, capacity 12133K, committed 12288K, reserved 1048576K
}
Event: 187.051 GC heap before
{Heap before GC invocations=52 (full 6):
 PSYoungGen      total 355328K, used 40943K [0x00000000e0000000, 0x0000000100000000, 0x0000000100000000)
  eden space 314368K, 0% used [0x00000000e0000000,0x00000000e0000000,0x00000000f3300000)
  from space 40960K, 99% used [0x00000000fd600000,0x00000000ffdfbf88,0x00000000ffe00000)
  to   space 104960K, 0% used [0x00000000f3300000,0x00000000f3300000,0x00000000f9980000)
 ParOldGen       total 311296K, used 310884K [0x00000000a0000000, 0x00000000b3000000, 0x00000000e0000000)
  object space 311296K, 99% used [0x00000000a0000000,0x00000000b2f99058,0x00000000b3000000)
 Metaspace       used 89624K, capacity 93266K, committed 93696K, reserved 1130496K
  class space    used 11410K, capacity 12133K, committed 12288K, reserved 1048576K
Event: 189.458 GC heap after
Heap after GC invocations=52 (full 6):
 PSYoungGen      total 355328K, used 0K [0x00000000e0000000, 0x0000000100000000, 0x0000000100000000)
  eden space 314368K, 0% used [0x00000000e0000000,0x00000000e0000000,0x00000000f3300000)
  from space 40960K, 0% used [0x00000000fd600000,0x00000000fd600000,0x00000000ffe00000)
  to   space 104960K, 0% used [0x00000000f3300000,0x00000000f3300000,0x00000000f9980000)
 ParOldGen       total 460800K, used 251206K [0x00000000a0000000, 0x00000000bc200000, 0x00000000e0000000)
  object space 460800K, 54% used [0x00000000a0000000,0x00000000af5518b8,0x00000000bc200000)
 Metaspace       used 89624K, capacity 93266K, committed 93696K, reserved 1130496K
  class space    used 11410K, capacity 12133K, committed 12288K, reserved 1048576K
}
Event: 192.598 GC heap before
{Heap before GC invocations=53 (full 6):
 PSYoungGen      total 355328K, used 314368K [0x00000000e0000000, 0x0000000100000000, 0x0000000100000000)
  eden space 314368K, 100% used [0x00000000e0000000,0x00000000f3300000,0x00000000f3300000)
  from space 40960K, 0% used [0x00000000fd600000,0x00000000fd600000,0x00000000ffe00000)
  to   space 104960K, 0% used [0x00000000f3300000,0x00000000f3300000,0x00000000f9980000)
 ParOldGen       total 460800K, used 251206K [0x00000000a0000000, 0x00000000bc200000, 0x00000000e0000000)
  object space 460800K, 54% used [0x00000000a0000000,0x00000000af5518b8,0x00000000bc200000)
 Metaspace       used 89645K, capacity 93266K, committed 93696K, reserved 1130496K
  class space    used 11410K, capacity 12133K, committed 12288K, reserved 1048576K
Event: 192.680 GC heap after
Heap after GC invocations=53 (full 6):
 PSYoungGen      total 387584K, used 72926K [0x00000000e0000000, 0x0000000100000000, 0x0000000100000000)
  eden space 314368K, 0% used [0x00000000e0000000,0x00000000e0000000,0x00000000f3300000)
  from space 73216K, 99% used [0x00000000f3300000,0x00000000f7a379d8,0x00000000f7a80000)
  to   space 112640K, 0% used [0x00000000f9200000,0x00000000f9200000,0x0000000100000000)
 ParOldGen       total 460800K, used 251206K [0x00000000a0000000, 0x00000000bc200000, 0x00000000e0000000)
  object space 460800K, 54% used [0x00000000a0000000,0x00000000af5518b8,0x00000000bc200000)
 Metaspace       used 89645K, capacity 93266K, committed 93696K, reserved 1130496K
  class space    used 11410K, capacity 12133K, committed 12288K, reserved 1048576K
}
Event: 193.825 GC heap before
{Heap before GC invocations=54 (full 6):
 PSYoungGen      total 387584K, used 378251K [0x00000000e0000000, 0x0000000100000000, 0x0000000100000000)
  eden space 314368K, 97% used [0x00000000e0000000,0x00000000f2a2b540,0x00000000f3300000)
  from space 73216K, 99% used [0x00000000f3300000,0x00000000f7a379d8,0x00000000f7a80000)
  to   space 112640K, 0% used [0x00000000f9200000,0x00000000f9200000,0x0000000100000000)
 ParOldGen       total 460800K, used 251206K [0x00000000a0000000, 0x00000000bc200000, 0x00000000e0000000)
  object space 460800K, 54% used [0x00000000a0000000,0x00000000af5518b8,0x00000000bc200000)
 Metaspace       used 89656K, capacity 93266K, committed 93696K, reserved 1130496K
  class space    used 11410K, capacity 12133K, committed 12288K, reserved 1048576K
Event: 193.922 GC heap after
Heap after GC invocations=54 (full 6):
 PSYoungGen      total 379904K, used 98630K [0x00000000e0000000, 0x0000000100000000, 0x0000000100000000)
  eden space 267264K, 0% used [0x00000000e0000000,0x00000000e0000000,0x00000000f0500000)
  from space 112640K, 87% used [0x00000000f9200000,0x00000000ff251b68,0x0000000100000000)
  to   space 128512K, 0% used [0x00000000f0500000,0x00000000f0500000,0x00000000f8280000)
 ParOldGen       total 460800K, used 251206K [0x00000000a0000000, 0x00000000bc200000, 0x00000000e0000000)
  object space 460800K, 54% used [0x00000000a0000000,0x00000000af5518b8,0x00000000bc200000)
 Metaspace       used 89656K, capacity 93266K, committed 93696K, reserved 1130496K
  class space    used 11410K, capacity 12133K, committed 12288K, reserved 1048576K
}

