# JRE version: OpenJDK Runtime Environment (8.0_212-b04) (build 1.8.0_212-release-1586-b04)
# Java VM: OpenJDK 64-Bit Server VM (25.212-b04 mixed mode windows-amd64 compressed oops)
Heap:
 PSYoungGen      total 199168K, used 24062K [0x00000000e0000000, 0x00000000edd80000, 0x0000000100000000)
  eden space 176640K, 6% used [0x00000000e0000000,0x00000000e0b45f10,0x00000000eac80000)
  from space 22528K, 55% used [0x00000000ec780000,0x00000000ed3b9c78,0x00000000edd80000)
  to   space 25088K, 0% used [0x00000000eac80000,0x00000000eac80000,0x00000000ec500000)
 ParOldGen       total 143360K, used 79724K [0x00000000a0000000, 0x00000000a8c00000, 0x00000000e0000000)
  object space 143360K, 55% used [0x00000000a0000000,0x00000000a4ddb3b8,0x00000000a8c00000)
 Metaspace       used 75441K, capacity 77946K, committed 78168K, reserved 1116160K
  class space    used 9994K, capacity 10503K, committed 10624K, reserved 1048576K
GC Heap History (10 events):
Event: 41.263 GC heap before
{Heap before GC invocations=19 (full 3):
 PSYoungGen      total 125440K, used 111616K [0x00000000e0000000, 0x00000000eac80000, 0x0000000100000000)
  eden space 111616K, 100% used [0x00000000e0000000,0x00000000e6d00000,0x00000000e6d00000)
  from space 13824K, 0% used [0x00000000e6d00000,0x00000000e6d00000,0x00000000e7a80000)
  to   space 13824K, 0% used [0x00000000e9f00000,0x00000000e9f00000,0x00000000eac80000)
 ParOldGen       total 143360K, used 33207K [0x00000000a0000000, 0x00000000a8c00000, 0x00000000e0000000)
  object space 143360K, 23% used [0x00000000a0000000,0x00000000a206dce8,0x00000000a8c00000)
 Metaspace       used 62111K, capacity 64272K, committed 64600K, reserved 1105920K
  class space    used 8480K, capacity 8964K, committed 9088K, reserved 1048576K
Event: 41.302 GC heap after
Heap after GC invocations=19 (full 3):
 PSYoungGen      total 148480K, used 12723K [0x00000000e0000000, 0x00000000eab80000, 0x0000000100000000)
  eden space 135680K, 0% used [0x00000000e0000000,0x00000000e0000000,0x00000000e8480000)
  from space 12800K, 99% used [0x00000000e9f00000,0x00000000eab6cc98,0x00000000eab80000)
  to   space 14848K, 0% used [0x00000000e8e80000,0x00000000e8e80000,0x00000000e9d00000)
 ParOldGen       total 143360K, used 33215K [0x00000000a0000000, 0x00000000a8c00000, 0x00000000e0000000)
  object space 143360K, 23% used [0x00000000a0000000,0x00000000a206fce8,0x00000000a8c00000)
 Metaspace       used 62111K, capacity 64272K, committed 64600K, reserved 1105920K
  class space    used 8480K, capacity 8964K, committed 9088K, reserved 1048576K
}
Event: 43.684 GC heap before
{Heap before GC invocations=20 (full 3):
 PSYoungGen      total 148480K, used 148403K [0x00000000e0000000, 0x00000000eab80000, 0x0000000100000000)
  eden space 135680K, 100% used [0x00000000e0000000,0x00000000e8480000,0x00000000e8480000)
  from space 12800K, 99% used [0x00000000e9f00000,0x00000000eab6cc98,0x00000000eab80000)
  to   space 14848K, 0% used [0x00000000e8e80000,0x00000000e8e80000,0x00000000e9d00000)
 ParOldGen       total 143360K, used 33215K [0x00000000a0000000, 0x00000000a8c00000, 0x00000000e0000000)
  object space 143360K, 23% used [0x00000000a0000000,0x00000000a206fce8,0x00000000a8c00000)
 Metaspace       used 63476K, capacity 65662K, committed 65752K, reserved 1105920K
  class space    used 8656K, capacity 9147K, committed 9216K, reserved 1048576K
Event: 43.746 GC heap after
Heap after GC invocations=20 (full 3):
 PSYoungGen      total 160768K, used 14818K [0x00000000e0000000, 0x00000000ec380000, 0x0000000100000000)
  eden space 145920K, 0% used [0x00000000e0000000,0x00000000e0000000,0x00000000e8e80000)
  from space 14848K, 99% used [0x00000000e8e80000,0x00000000e9cf8888,0x00000000e9d00000)
  to   space 21504K, 0% used [0x00000000eae80000,0x00000000eae80000,0x00000000ec380000)
 ParOldGen       total 143360K, used 45194K [0x00000000a0000000, 0x00000000a8c00000, 0x00000000e0000000)
  object space 143360K, 31% used [0x00000000a0000000,0x00000000a2c229d8,0x00000000a8c00000)
 Metaspace       used 63476K, capacity 65662K, committed 65752K, reserved 1105920K
  class space    used 8656K, capacity 9147K, committed 9216K, reserved 1048576K
}
Event: 55.271 GC heap before
{Heap before GC invocations=21 (full 3):
 PSYoungGen      total 160768K, used 160738K [0x00000000e0000000, 0x00000000ec380000, 0x0000000100000000)
  eden space 145920K, 100% used [0x00000000e0000000,0x00000000e8e80000,0x00000000e8e80000)
  from space 14848K, 99% used [0x00000000e8e80000,0x00000000e9cf8888,0x00000000e9d00000)
  to   space 21504K, 0% used [0x00000000eae80000,0x00000000eae80000,0x00000000ec380000)
 ParOldGen       total 143360K, used 45194K [0x00000000a0000000, 0x00000000a8c00000, 0x00000000e0000000)
  object space 143360K, 31% used [0x00000000a0000000,0x00000000a2c229d8,0x00000000a8c00000)
 Metaspace       used 68145K, capacity 70532K, committed 70744K, reserved 1110016K
  class space    used 9230K, capacity 9762K, committed 9856K, reserved 1048576K
Event: 55.336 GC heap after
Heap after GC invocations=21 (full 3):
 PSYoungGen      total 178688K, used 12177K [0x00000000e0000000, 0x00000000ecc80000, 0x0000000100000000)
  eden space 157184K, 0% used [0x00000000e0000000,0x00000000e0000000,0x00000000e9980000)
  from space 21504K, 56% used [0x00000000eae80000,0x00000000eba64598,0x00000000ec380000)
  to   space 21504K, 0% used [0x00000000e9980000,0x00000000e9980000,0x00000000eae80000)
 ParOldGen       total 143360K, used 57220K [0x00000000a0000000, 0x00000000a8c00000, 0x00000000e0000000)
  object space 143360K, 39% used [0x00000000a0000000,0x00000000a37e1218,0x00000000a8c00000)
 Metaspace       used 68145K, capacity 70532K, committed 70744K, reserved 1110016K
  class space    used 9230K, capacity 9762K, committed 9856K, reserved 1048576K
}
Event: 59.168 GC heap before
{Heap before GC invocations=22 (full 3):
 PSYoungGen      total 178688K, used 169361K [0x00000000e0000000, 0x00000000ecc80000, 0x0000000100000000)
  eden space 157184K, 100% used [0x00000000e0000000,0x00000000e9980000,0x00000000e9980000)
  from space 21504K, 56% used [0x00000000eae80000,0x00000000eba64598,0x00000000ec380000)
  to   space 21504K, 0% used [0x00000000e9980000,0x00000000e9980000,0x00000000eae80000)
 ParOldGen       total 143360K, used 57220K [0x00000000a0000000, 0x00000000a8c00000, 0x00000000e0000000)
  object space 143360K, 39% used [0x00000000a0000000,0x00000000a37e1218,0x00000000a8c00000)
 Metaspace       used 69832K, capacity 72268K, committed 72408K, reserved 1112064K
  class space    used 9388K, capacity 9892K, committed 9984K, reserved 1048576K
Event: 59.205 GC heap after
Heap after GC invocations=22 (full 3):
 PSYoungGen      total 178688K, used 21472K [0x00000000e0000000, 0x00000000ee100000, 0x0000000100000000)
  eden space 157184K, 0% used [0x00000000e0000000,0x00000000e0000000,0x00000000e9980000)
  from space 21504K, 99% used [0x00000000e9980000,0x00000000eae78318,0x00000000eae80000)
  to   space 26112K, 0% used [0x00000000ec780000,0x00000000ec780000,0x00000000ee100000)
 ParOldGen       total 143360K, used 62172K [0x00000000a0000000, 0x00000000a8c00000, 0x00000000e0000000)
  object space 143360K, 43% used [0x00000000a0000000,0x00000000a3cb73b0,0x00000000a8c00000)
 Metaspace       used 69832K, capacity 72268K, committed 72408K, reserved 1112064K
  class space    used 9388K, capacity 9892K, committed 9984K, reserved 1048576K
}
Event: 68.956 GC heap before
{Heap before GC invocations=23 (full 3):
 PSYoungGen      total 178688K, used 178656K [0x00000000e0000000, 0x00000000ee100000, 0x0000000100000000)
  eden space 157184K, 100% used [0x00000000e0000000,0x00000000e9980000,0x00000000e9980000)
  from space 21504K, 99% used [0x00000000e9980000,0x00000000eae78318,0x00000000eae80000)
  to   space 26112K, 0% used [0x00000000ec780000,0x00000000ec780000,0x00000000ee100000)
 ParOldGen       total 143360K, used 62172K [0x00000000a0000000, 0x00000000a8c00000, 0x00000000e0000000)
  object space 143360K, 43% used [0x00000000a0000000,0x00000000a3cb73b0,0x00000000a8c00000)
 Metaspace       used 75407K, capacity 77900K, committed 78040K, reserved 1116160K
  class space    used 9988K, capacity 10468K, committed 10496K, reserved 1048576K
Event: 69.025 GC heap after
Heap after GC invocations=23 (full 3):
 PSYoungGen      total 199168K, used 12519K [0x00000000e0000000, 0x00000000edd80000, 0x0000000100000000)
  eden space 176640K, 0% used [0x00000000e0000000,0x00000000e0000000,0x00000000eac80000)
  from space 22528K, 55% used [0x00000000ec780000,0x00000000ed3b9c78,0x00000000edd80000)
  to   space 25088K, 0% used [0x00000000eac80000,0x00000000eac80000,0x00000000ec500000)
 ParOldGen       total 143360K, used 79724K [0x00000000a0000000, 0x00000000a8c00000, 0x00000000e0000000)
  object space 143360K, 55% used [0x00000000a0000000,0x00000000a4ddb3b8,0x00000000a8c00000)
 Metaspace       used 75407K, capacity 77900K, committed 78040K, reserved 1116160K
  class space    used 9988K, capacity 10468K, committed 10496K, reserved 1048576K
}

